<?xml version="1.0" encoding="UTF-8"?>
<testng-results ignored="0" total="2" passed="2" failed="0" skipped="0">
  <reporter-output>
  </reporter-output>
  <suite started-at="2022-10-13T13:08:12 IST" name="Default suite" finished-at="2022-10-13T13:10:02 IST" duration-ms="109141">
    <groups>
    </groups>
    <test started-at="2022-10-13T13:08:12 IST" name="Default test" finished-at="2022-10-13T13:10:02 IST" duration-ms="109141">
      <class name="com.mystore.testcases.HomePageTest">
        <test-method is-config="true" signature="loadConfig()[pri:0, instance:com.mystore.testcases.HomePageTest@26275bef]" started-at="2022-10-13T13:08:12 IST" name="loadConfig" finished-at="2022-10-13T13:08:12 IST" duration-ms="368" status="PASS">
          <reporter-output>
          </reporter-output>
        </test-method> <!-- loadConfig -->
        <test-method is-config="true" signature="setup()[pri:0, instance:com.mystore.testcases.HomePageTest@26275bef]" started-at="2022-10-13T13:08:14 IST" name="setup" finished-at="2022-10-13T13:08:25 IST" duration-ms="11931" status="PASS">
          <reporter-output>
          </reporter-output>
        </test-method> <!-- setup -->
        <test-method signature="orderHistoryandDetailsTest(java.lang.String, java.lang.String)[pri:0, instance:com.mystore.testcases.HomePageTest@26275bef]" started-at="2022-10-13T13:08:25 IST" name="orderHistoryandDetailsTest" data-provider="credentials" finished-at="2022-10-13T13:09:12 IST" duration-ms="46737" status="PASS">
          <params>
            <param index="0">
              <value>
                <![CDATA[admin@xyz.com]]>
              </value>
            </param>
            <param index="1">
              <value>
                <![CDATA[admin@123]]>
              </value>
            </param>
          </params>
          <reporter-output>
          </reporter-output>
        </test-method> <!-- orderHistoryandDetailsTest -->
        <test-method is-config="true" signature="tearDown()[pri:0, instance:com.mystore.testcases.HomePageTest@26275bef]" started-at="2022-10-13T13:09:12 IST" name="tearDown" finished-at="2022-10-13T13:09:13 IST" duration-ms="349" status="PASS">
          <reporter-output>
          </reporter-output>
        </test-method> <!-- tearDown -->
        <test-method is-config="true" signature="setup()[pri:0, instance:com.mystore.testcases.HomePageTest@26275bef]" started-at="2022-10-13T13:09:13 IST" name="setup" finished-at="2022-10-13T13:09:21 IST" duration-ms="8431" status="PASS">
          <reporter-output>
          </reporter-output>
        </test-method> <!-- setup -->
        <test-method signature="wishListTest(java.lang.String, java.lang.String)[pri:0, instance:com.mystore.testcases.HomePageTest@26275bef]" started-at="2022-10-13T13:09:21 IST" name="wishListTest" data-provider="credentials" finished-at="2022-10-13T13:10:01 IST" duration-ms="39913" status="PASS">
          <params>
            <param index="0">
              <value>
                <![CDATA[admin@xyz.com]]>
              </value>
            </param>
            <param index="1">
              <value>
                <![CDATA[admin@123]]>
              </value>
            </param>
          </params>
          <reporter-output>
          </reporter-output>
        </test-method> <!-- wishListTest -->
        <test-method is-config="true" signature="tearDown()[pri:0, instance:com.mystore.testcases.HomePageTest@26275bef]" started-at="2022-10-13T13:10:01 IST" name="tearDown" finished-at="2022-10-13T13:10:02 IST" duration-ms="433" status="PASS">
          <reporter-output>
          </reporter-output>
        </test-method> <!-- tearDown -->
        <test-method is-config="true" signature="afterSuite()[pri:0, instance:com.mystore.testcases.HomePageTest@26275bef]" started-at="2022-10-13T13:10:02 IST" name="afterSuite" finished-at="2022-10-13T13:10:02 IST" duration-ms="6" status="PASS">
          <reporter-output>
          </reporter-output>
        </test-method> <!-- afterSuite -->
      </class> <!-- com.mystore.testcases.HomePageTest -->
    </test> <!-- Default test -->
  </suite> <!-- Default suite -->
</testng-results>
